--------------------
./configure --prefix=/home/book/work/Win_Share/github/work/TOOLS/image-lib/png/zlib-1.2.11/out --static
2023年 01月 07日 星期六 08:55:11 EST
=== ztest92621.c ===
extern int getchar();
int hello() {return getchar();}
===
mips-linux-gnu-gcc -c ztest92621.c
... using gcc

Checking for obsessive-compulsive compiler options...
=== ztest92621.c ===
int foo() { return 0; }
===
mips-linux-gnu-gcc -c -O3 ztest92621.c

Building static library libz.a version 1.2.11 with mips-linux-gnu-gcc.

=== ztest92621.c ===
#include <stdio.h>
#include <stdlib.h>
size_t dummy = 0;
===
mips-linux-gnu-gcc -c -O3 ztest92621.c
Checking for size_t... Yes.


=== ztest92621.c ===
#include <sys/types.h>
off64_t dummy = 0;
===
mips-linux-gnu-gcc -c -O3 -D_LARGEFILE64_SOURCE=1 ztest92621.c
Checking for off64_t... Yes.
Checking for fseeko... Yes.

=== ztest92621.c ===
#include <string.h>
#include <errno.h>
int main() { return strlen(strerror(errno)); }
===
mips-linux-gnu-gcc -O3 -D_LARGEFILE64_SOURCE=1 -o ztest92621 ztest92621.c
Checking for strerror... Yes.

=== ztest92621.c ===
#include <unistd.h>
int main() { return 0; }
===
mips-linux-gnu-gcc -c -O3 -D_LARGEFILE64_SOURCE=1 ztest92621.c
Checking for unistd.h... Yes.

=== ztest92621.c ===
#include <stdarg.h>
int main() { return 0; }
===
mips-linux-gnu-gcc -c -O3 -D_LARGEFILE64_SOURCE=1 ztest92621.c
Checking for stdarg.h... Yes.

=== ztest92621.c ===
#include <stdio.h>
#include <stdarg.h>
#include "zconf.h"
int main()
{
#ifndef STDC
  choke me
#endif
  return 0;
}
===
mips-linux-gnu-gcc -c -O3 -D_LARGEFILE64_SOURCE=1 ztest92621.c
Checking whether to use vs[n]printf() or s[n]printf()... using vs[n]printf().

=== ztest92621.c ===
#include <stdio.h>
#include <stdarg.h>
int mytest(const char *fmt, ...)
{
  char buf[20];
  va_list ap;
  va_start(ap, fmt);
  vsnprintf(buf, sizeof(buf), fmt, ap);
  va_end(ap);
  return 0;
}
int main()
{
  return (mytest("Hello%d\n", 1));
}
===
mips-linux-gnu-gcc -O3 -D_LARGEFILE64_SOURCE=1 -o ztest92621 ztest92621.c
Checking for vsnprintf() in stdio.h... Yes.

=== ztest92621.c ===
#include <stdio.h>
#include <stdarg.h>
int mytest(const char *fmt, ...)
{
  int n;
  char buf[20];
  va_list ap;
  va_start(ap, fmt);
  n = vsnprintf(buf, sizeof(buf), fmt, ap);
  va_end(ap);
  return n;
}
int main()
{
  return (mytest("Hello%d\n", 1));
}
===
mips-linux-gnu-gcc -c -O3 -D_LARGEFILE64_SOURCE=1 ztest92621.c
Checking for return value of vsnprintf()... Yes.

=== ztest92621.c ===
#define ZLIB_INTERNAL __attribute__((visibility ("hidden")))
int ZLIB_INTERNAL foo;
int main()
{
  return 0;
}
===
mips-linux-gnu-gcc -c -O3 -D_LARGEFILE64_SOURCE=1 ztest92621.c
Checking for attribute(visibility) support... Yes.

ALL = static all64
AR = ar
ARFLAGS = rc
CC = mips-linux-gnu-gcc
CFLAGS = -O3 -D_LARGEFILE64_SOURCE=1 -DHAVE_HIDDEN
CPP = mips-linux-gnu-gcc -E
EXE =
LDCONFIG = ldconfig
LDFLAGS =
LDSHARED = mips-linux-gnu-gcc
LDSHAREDLIBC = -lc
OBJC = $(OBJZ) $(OBJG)
PIC_OBJC = $(PIC_OBJZ) $(PIC_OBJG)
RANLIB = ranlib
SFLAGS = -O3 -fPIC -D_LARGEFILE64_SOURCE=1 -DHAVE_HIDDEN
SHAREDLIB =
SHAREDLIBM =
SHAREDLIBV =
STATICLIB = libz.a
TEST = all teststatic test64
VER = 1.2.11
Z_U4 =
SRCDIR =
exec_prefix = ${prefix}
includedir = ${prefix}/include
libdir = ${exec_prefix}/lib
mandir = ${prefix}/share/man
prefix = /home/book/work/Win_Share/github/work/TOOLS/image-lib/png/zlib-1.2.11/out
sharedlibdir = ${libdir}
uname = Linux
--------------------


--------------------
./configure --prefix=/home/book/work/Win_Share/github/work/TOOLS/image-lib/png/zlib-1.2.11/out --static
2023年 01月 07日 星期六 08:56:21 EST
=== ztest92819.c ===
extern int getchar();
int hello() {return getchar();}
===
mips-linux-gnu-gcc -c ztest92819.c
... using gcc

Checking for obsessive-compulsive compiler options...
=== ztest92819.c ===
int foo() { return 0; }
===
mips-linux-gnu-gcc -c -O3 ztest92819.c

Building static library libz.a version 1.2.11 with mips-linux-gnu-gcc.

=== ztest92819.c ===
#include <stdio.h>
#include <stdlib.h>
size_t dummy = 0;
===
mips-linux-gnu-gcc -c -O3 ztest92819.c
Checking for size_t... Yes.


=== ztest92819.c ===
#include <sys/types.h>
off64_t dummy = 0;
===
mips-linux-gnu-gcc -c -O3 -D_LARGEFILE64_SOURCE=1 ztest92819.c
Checking for off64_t... Yes.
Checking for fseeko... Yes.

=== ztest92819.c ===
#include <string.h>
#include <errno.h>
int main() { return strlen(strerror(errno)); }
===
mips-linux-gnu-gcc -O3 -D_LARGEFILE64_SOURCE=1 -o ztest92819 ztest92819.c
Checking for strerror... Yes.

=== ztest92819.c ===
#include <unistd.h>
int main() { return 0; }
===
mips-linux-gnu-gcc -c -O3 -D_LARGEFILE64_SOURCE=1 ztest92819.c
Checking for unistd.h... Yes.

=== ztest92819.c ===
#include <stdarg.h>
int main() { return 0; }
===
mips-linux-gnu-gcc -c -O3 -D_LARGEFILE64_SOURCE=1 ztest92819.c
Checking for stdarg.h... Yes.

=== ztest92819.c ===
#include <stdio.h>
#include <stdarg.h>
#include "zconf.h"
int main()
{
#ifndef STDC
  choke me
#endif
  return 0;
}
===
mips-linux-gnu-gcc -c -O3 -D_LARGEFILE64_SOURCE=1 ztest92819.c
Checking whether to use vs[n]printf() or s[n]printf()... using vs[n]printf().

=== ztest92819.c ===
#include <stdio.h>
#include <stdarg.h>
int mytest(const char *fmt, ...)
{
  char buf[20];
  va_list ap;
  va_start(ap, fmt);
  vsnprintf(buf, sizeof(buf), fmt, ap);
  va_end(ap);
  return 0;
}
int main()
{
  return (mytest("Hello%d\n", 1));
}
===
mips-linux-gnu-gcc -O3 -D_LARGEFILE64_SOURCE=1 -o ztest92819 ztest92819.c
Checking for vsnprintf() in stdio.h... Yes.

=== ztest92819.c ===
#include <stdio.h>
#include <stdarg.h>
int mytest(const char *fmt, ...)
{
  int n;
  char buf[20];
  va_list ap;
  va_start(ap, fmt);
  n = vsnprintf(buf, sizeof(buf), fmt, ap);
  va_end(ap);
  return n;
}
int main()
{
  return (mytest("Hello%d\n", 1));
}
===
mips-linux-gnu-gcc -c -O3 -D_LARGEFILE64_SOURCE=1 ztest92819.c
Checking for return value of vsnprintf()... Yes.

=== ztest92819.c ===
#define ZLIB_INTERNAL __attribute__((visibility ("hidden")))
int ZLIB_INTERNAL foo;
int main()
{
  return 0;
}
===
mips-linux-gnu-gcc -c -O3 -D_LARGEFILE64_SOURCE=1 ztest92819.c
Checking for attribute(visibility) support... Yes.

ALL = static all64
AR = ar
ARFLAGS = rc
CC = mips-linux-gnu-gcc
CFLAGS = -O3 -D_LARGEFILE64_SOURCE=1 -DHAVE_HIDDEN
CPP = mips-linux-gnu-gcc -E
EXE =
LDCONFIG = ldconfig
LDFLAGS =
LDSHARED = mips-linux-gnu-gcc
LDSHAREDLIBC = -lc
OBJC = $(OBJZ) $(OBJG)
PIC_OBJC = $(PIC_OBJZ) $(PIC_OBJG)
RANLIB = ranlib
SFLAGS = -O3 -fPIC -D_LARGEFILE64_SOURCE=1 -DHAVE_HIDDEN
SHAREDLIB =
SHAREDLIBM =
SHAREDLIBV =
STATICLIB = libz.a
TEST = all teststatic test64
VER = 1.2.11
Z_U4 =
SRCDIR =
exec_prefix = ${prefix}
includedir = ${prefix}/include
libdir = ${exec_prefix}/lib
mandir = ${prefix}/share/man
prefix = /home/book/work/Win_Share/github/work/TOOLS/image-lib/png/zlib-1.2.11/out
sharedlibdir = ${libdir}
uname = Linux
--------------------


