This file contains any messages produced by compilers while
running configure, to aid debugging if configure makes a mistake.

It was created by alsa-utils configure 1.2.8, which was
generated by GNU Autoconf 2.69.  Invocation command line was

  $ ./configure -with-alsa-inc-prefix=/system/alsa/include/ --with-alsa-prefix=/system/alsa/lib/ --prefix=/home/book/work/TOOLS/haohan-audio/alsa-utils-1.2.8/out --host=mips-linux-gnu --disable-xmlto --disable-alsamixer

## --------- ##
## Platform. ##
## --------- ##

hostname = skr
uname -m = x86_64
uname -r = 5.4.0-135-generic
uname -s = Linux
uname -v = #152~18.04.2-Ubuntu SMP Tue Nov 29 08:23:49 UTC 2022

/usr/bin/uname -p = unknown
/bin/uname -X     = unknown

/bin/arch              = unknown
/usr/bin/arch -k       = unknown
/usr/convex/getsysinfo = unknown
/usr/bin/hostinfo      = unknown
/bin/machine           = unknown
/usr/bin/oslevel       = unknown
/bin/universe          = unknown

PATH: /opt/mips-gcc720-glibc229-r5.1.4/bin
PATH: /home/book/ninja
PATH: /home/book/llvm/bin
PATH: /home/book/hc-gen
PATH: /home/book/gn
PATH: /usr/local/sbin
PATH: /usr/local/bin
PATH: /usr/sbin
PATH: /usr/bin
PATH: /sbin
PATH: /bin
PATH: /snap/bin
PATH: /home/book/bin
PATH: /home/book/work/TOOLS/fzf/bin


## ----------- ##
## Core tests. ##
## ----------- ##

configure:2452: checking for a BSD-compatible install
configure:2520: result: /usr/bin/install -c
configure:2531: checking whether build environment is sane
configure:2586: result: yes
configure:2645: checking for mips-linux-gnu-strip
configure:2661: found /opt/mips-gcc720-glibc229-r5.1.4/bin/mips-linux-gnu-strip
configure:2672: result: mips-linux-gnu-strip
configure:2737: checking for a thread-safe mkdir -p
configure:2776: result: /bin/mkdir -p
configure:2783: checking for gawk
configure:2799: found /usr/bin/gawk
configure:2810: result: gawk
configure:2821: checking whether make sets $(MAKE)
configure:2843: result: yes
configure:2872: checking whether make supports nested variables
configure:2889: result: yes
configure:3017: checking whether to enable maintainer-specific portions of Makefiles
configure:3026: result: yes
configure:3040: checking for a sed that does not truncate output
configure:3104: result: /bin/sed
configure:3110: checking whether NLS is requested
configure:3119: result: yes
configure:3159: checking for msgfmt
configure: trying /usr/bin/msgfmt...
0 translated messages.
configure:3191: result: /usr/bin/msgfmt
configure:3200: checking for gmsgfmt
configure:3231: result: /usr/bin/msgfmt
configure:3276: checking for xgettext
configure: trying /usr/bin/xgettext...
/usr/bin/xgettext: warning: file '/dev/null' extension '' is unknown; will try C
configure:3308: result: /usr/bin/xgettext
configure:3353: checking for msgmerge
configure: trying /usr/bin/msgmerge...
configure:3384: result: /usr/bin/msgmerge
configure:3429: checking whether make supports the include directive
configure:3444: make -f confmf.GNU && cat confinc.out
this is the am__doit target
configure:3447: $? = 0
configure:3466: result: yes (GNU style)
configure:3496: checking for mips-linux-gnu-gcc
configure:3512: found /opt/mips-gcc720-glibc229-r5.1.4/bin/mips-linux-gnu-gcc
configure:3523: result: mips-linux-gnu-gcc
configure:3792: checking for C compiler version
configure:3801: mips-linux-gnu-gcc --version >&5
mips-linux-gnu-gcc (Ingenic Linux-Release5.1.4.1-Default(xburst2(fp64)+glibc2.29+Go language) 2022.08-08 10:51:21) 7.2.0
Copyright (C) 2017 Free Software Foundation, Inc.
This is free software; see the source for copying conditions.  There is NO
warranty; not even for MERCHANTABILITY or FITNESS FOR A PARTICULAR PURPOSE.

configure:3812: $? = 0
configure:3801: mips-linux-gnu-gcc -v >&5
Using built-in specs.
COLLECT_GCC=mips-linux-gnu-gcc
COLLECT_LTO_WRAPPER=/opt/mips-gcc720-glibc229-r5.1.4/bin/../libexec/gcc/mips-linux-gnu/7.2.0/lto-wrapper
Target: mips-linux-gnu
Configured with: /home/users/ylli/ingenic_toolchain/project/src/gcc-7-2017.11/configure --build=i686-pc-linux-gnu --host=i686-pc-linux-gnu --target=mips-linux-gnu --enable-threads --disable-libmudflap --disable-libssp --disable-libstdcxx-pch --with-arch-32=mips32r2 --with-arch-64=mips64r2 --with-float=hard --with-mips-plt --enable-extra-sgxxlite-multilibs --with-gnu-as --with-gnu-ld --with-specs='-D__CS_SOURCERYGXX_MAJ__=2017 -D__CS_SOURCERYGXX_MIN__=11 -D__CS_SOURCERYGXX_REV__=32' --enable-languages=c,c++,fortran,go --enable-shared --enable-lto --enable-symvers=gnu --enable-__cxa_atexit --with-glibc-version=2.29 --with-pkgversion='Ingenic Linux-Release5.1.4.1-Default(xburst2(fp64)+glibc2.29+Go language) 2022.08-08 10:51:21' --disable-nls --prefix=/home/users/ylli/ingenic_toolchain/project/install/opt/codesourcery --with-sysroot=/home/users/ylli/ingenic_toolchain/project/install/opt/codesourcery/mips-linux-gnu/libc --with-build-sysroot=/home/users/ylli/ingenic_toolchain/project/install/opt/codesourcery/mips-linux-gnu/libc --with-gmp=/home/users/ylli/ingenic_toolchain/project/obj/pkg-2017.11-32-mips-linux-gnu/mips-2017.11-32-mips-linux-gnu.extras/host-libs-i686-pc-linux-gnu/usr --with-mpfr=/home/users/ylli/ingenic_toolchain/project/obj/pkg-2017.11-32-mips-linux-gnu/mips-2017.11-32-mips-linux-gnu.extras/host-libs-i686-pc-linux-gnu/usr --with-mpc=/home/users/ylli/ingenic_toolchain/project/obj/pkg-2017.11-32-mips-linux-gnu/mips-2017.11-32-mips-linux-gnu.extras/host-libs-i686-pc-linux-gnu/usr --with-isl=/home/users/ylli/ingenic_toolchain/project/obj/pkg-2017.11-32-mips-linux-gnu/mips-2017.11-32-mips-linux-gnu.extras/host-libs-i686-pc-linux-gnu/usr --enable-libgomp --disable-libitm --enable-libatomic --disable-libssp --disable-libcc1 --enable-poison-system-directories --with-python-dir=mips-linux-gnu/share/gdb/python --with-build-time-tools=/home/users/ylli/ingenic_toolchain/project/install/opt/codesourcery/mips-linux-gnu/bin --with-build-time-tools=/home/users/ylli/ingenic_toolchain/project/install/opt/codesourcery/mips-linux-gnu/bin --with-private=default_option_mglibc_mfp64 SED=sed
Thread model: posix
gcc version 7.2.0 (Ingenic Linux-Release5.1.4.1-Default(xburst2(fp64)+glibc2.29+Go language) 2022.08-08 10:51:21) 
configure:3812: $? = 0
configure:3801: mips-linux-gnu-gcc -V >&5
mips-linux-gnu-gcc: error: unrecognized command line option '-V'
mips-linux-gnu-gcc: fatal error: no input files
compilation terminated.
configure:3812: $? = 1
configure:3801: mips-linux-gnu-gcc -qversion >&5
mips-linux-gnu-gcc: error: unrecognized command line option '-qversion'; did you mean '--version'?
mips-linux-gnu-gcc: fatal error: no input files
compilation terminated.
configure:3812: $? = 1
configure:3832: checking whether the C compiler works
configure:3854: mips-linux-gnu-gcc    conftest.c  >&5
configure:3858: $? = 0
configure:3906: result: yes
configure:3909: checking for C compiler default output file name
configure:3911: result: a.out
configure:3917: checking for suffix of executables
configure:3924: mips-linux-gnu-gcc -o conftest    conftest.c  >&5
configure:3928: $? = 0
configure:3950: result: 
configure:3972: checking whether we are cross compiling
configure:3980: mips-linux-gnu-gcc -o conftest    conftest.c  >&5
configure:3984: $? = 0
configure:3991: ./conftest
./configure: line 3993: ./conftest: cannot execute binary file: Exec format error
configure:3995: $? = 126
configure:4010: result: yes
configure:4015: checking for suffix of object files
configure:4037: mips-linux-gnu-gcc -c   conftest.c >&5
configure:4041: $? = 0
configure:4062: result: o
configure:4066: checking whether we are using the GNU C compiler
configure:4085: mips-linux-gnu-gcc -c   conftest.c >&5
configure:4085: $? = 0
configure:4094: result: yes
configure:4103: checking whether mips-linux-gnu-gcc accepts -g
configure:4123: mips-linux-gnu-gcc -c -g  conftest.c >&5
configure:4123: $? = 0
configure:4164: result: yes
configure:4181: checking for mips-linux-gnu-gcc option to accept ISO C89
configure:4244: mips-linux-gnu-gcc  -c -g -O2  conftest.c >&5
configure:4244: $? = 0
configure:4257: result: none needed
configure:4282: checking whether mips-linux-gnu-gcc understands -c and -o together
configure:4304: mips-linux-gnu-gcc -c conftest.c -o conftest2.o
configure:4307: $? = 0
configure:4304: mips-linux-gnu-gcc -c conftest.c -o conftest2.o
configure:4307: $? = 0
configure:4319: result: yes
configure:4338: checking dependency style of mips-linux-gnu-gcc
configure:4449: result: gcc3
configure:4468: checking build system type
configure:4482: result: x86_64-pc-linux-gnu
configure:4502: checking host system type
configure:4515: result: mips-unknown-linux-gnu
configure:4562: checking for ld used by mips-linux-gnu-gcc
configure:4687: result: /opt/mips-gcc720-glibc229-r5.1.4/mips-linux-gnu/bin/ld
configure:4694: checking if the linker (/opt/mips-gcc720-glibc229-r5.1.4/mips-linux-gnu/bin/ld) is GNU ld
configure:4709: result: yes
configure:4716: checking for shared library run path origin
configure:4729: result: done
configure:4750: checking 32-bit host C ABI
configure:4900: mips-linux-gnu-gcc -c -g -O2  conftest.c >&5
conftest.c:14:20: error: unknown type name 'error'
                    error fail
                    ^~~~~
conftest.c:14:20: error: expected '=', ',', ';', 'asm' or '__attribute__' at end of input
configure:4900: $? = 1
configure: failed program was:
| /* confdefs.h */
| #define PACKAGE_NAME "alsa-utils"
| #define PACKAGE_TARNAME "alsa-utils"
| #define PACKAGE_VERSION "1.2.8"
| #define PACKAGE_STRING "alsa-utils 1.2.8"
| #define PACKAGE_BUGREPORT ""
| #define PACKAGE_URL ""
| #define PACKAGE "alsa-utils"
| #define VERSION "1.2.8"
| /* end confdefs.h.  */
| #if defined _MIPS_SZLONG && (_MIPS_SZLONG == 64)
|                    int ok;
|                   #else
|                    error fail
|                   #endif
| 
configure:5003: result: yes
configure:5013: checking how to run the C preprocessor
configure:5044: mips-linux-gnu-gcc -E  conftest.c
configure:5044: $? = 0
configure:5058: mips-linux-gnu-gcc -E  conftest.c
conftest.c:11:10: fatal error: ac_nonexistent.h: No such file or directory
 #include <ac_nonexistent.h>
          ^~~~~~~~~~~~~~~~~~
compilation terminated.
configure:5058: $? = 1
configure: failed program was:
| /* confdefs.h */
| #define PACKAGE_NAME "alsa-utils"
| #define PACKAGE_TARNAME "alsa-utils"
| #define PACKAGE_VERSION "1.2.8"
| #define PACKAGE_STRING "alsa-utils 1.2.8"
| #define PACKAGE_BUGREPORT ""
| #define PACKAGE_URL ""
| #define PACKAGE "alsa-utils"
| #define VERSION "1.2.8"
| /* end confdefs.h.  */
| #include <ac_nonexistent.h>
configure:5083: result: mips-linux-gnu-gcc -E
configure:5103: mips-linux-gnu-gcc -E  conftest.c
configure:5103: $? = 0
configure:5117: mips-linux-gnu-gcc -E  conftest.c
conftest.c:11:10: fatal error: ac_nonexistent.h: No such file or directory
 #include <ac_nonexistent.h>
          ^~~~~~~~~~~~~~~~~~
compilation terminated.
configure:5117: $? = 1
configure: failed program was:
| /* confdefs.h */
| #define PACKAGE_NAME "alsa-utils"
| #define PACKAGE_TARNAME "alsa-utils"
| #define PACKAGE_VERSION "1.2.8"
| #define PACKAGE_STRING "alsa-utils 1.2.8"
| #define PACKAGE_BUGREPORT ""
| #define PACKAGE_URL ""
| #define PACKAGE "alsa-utils"
| #define VERSION "1.2.8"
| /* end confdefs.h.  */
| #include <ac_nonexistent.h>
configure:5146: checking for grep that handles long lines and -e
configure:5204: result: /bin/grep
configure:5209: checking for egrep
configure:5271: result: /bin/grep -E
configure:5280: checking for ELF binary format
configure:5302: result: yes
configure:5351: checking for the common suffixes of directories in the library search path
configure:5419: result: lib,lib32,lib
configure:5936: checking for CFPreferencesCopyAppValue
configure:5954: mips-linux-gnu-gcc -o conftest -g -O2   conftest.c  -Wl,-framework -Wl,CoreFoundation >&5
conftest.c:11:10: fatal error: CoreFoundation/CFPreferences.h: No such file or directory
 #include <CoreFoundation/CFPreferences.h>
          ^~~~~~~~~~~~~~~~~~~~~~~~~~~~~~~~
compilation terminated.
configure:5954: $? = 1
configure: failed program was:
| /* confdefs.h */
| #define PACKAGE_NAME "alsa-utils"
| #define PACKAGE_TARNAME "alsa-utils"
| #define PACKAGE_VERSION "1.2.8"
| #define PACKAGE_STRING "alsa-utils 1.2.8"
| #define PACKAGE_BUGREPORT ""
| #define PACKAGE_URL ""
| #define PACKAGE "alsa-utils"
| #define VERSION "1.2.8"
| /* end confdefs.h.  */
| #include <CoreFoundation/CFPreferences.h>
| int
| main ()
| {
| CFPreferencesCopyAppValue(NULL, NULL)
|   ;
|   return 0;
| }
configure:5963: result: no
configure:5970: checking for CFLocaleCopyPreferredLanguages
configure:5988: mips-linux-gnu-gcc -o conftest -g -O2   conftest.c  -Wl,-framework -Wl,CoreFoundation >&5
conftest.c:11:10: fatal error: CoreFoundation/CFLocale.h: No such file or directory
 #include <CoreFoundation/CFLocale.h>
          ^~~~~~~~~~~~~~~~~~~~~~~~~~~
compilation terminated.
configure:5988: $? = 1
configure: failed program was:
| /* confdefs.h */
| #define PACKAGE_NAME "alsa-utils"
| #define PACKAGE_TARNAME "alsa-utils"
| #define PACKAGE_VERSION "1.2.8"
| #define PACKAGE_STRING "alsa-utils 1.2.8"
| #define PACKAGE_BUGREPORT ""
| #define PACKAGE_URL ""
| #define PACKAGE "alsa-utils"
| #define VERSION "1.2.8"
| /* end confdefs.h.  */
| #include <CoreFoundation/CFLocale.h>
| int
| main ()
| {
| CFLocaleCopyPreferredLanguages();
|   ;
|   return 0;
| }
configure:5997: result: no
configure:6047: checking for GNU gettext in libc
configure:6076: mips-linux-gnu-gcc -o conftest -g -O2   conftest.c  >&5
configure:6076: $? = 0
configure:6085: result: yes
configure:6966: checking whether to use NLS
configure:6968: result: yes
configure:6971: checking where the gettext function comes from
configure:6982: result: libc
configure:7050: checking for mips-linux-gnu-gcc
configure:7077: result: mips-linux-gnu-gcc
configure:7346: checking for C compiler version
configure:7355: mips-linux-gnu-gcc --version >&5
mips-linux-gnu-gcc (Ingenic Linux-Release5.1.4.1-Default(xburst2(fp64)+glibc2.29+Go language) 2022.08-08 10:51:21) 7.2.0
Copyright (C) 2017 Free Software Foundation, Inc.
This is free software; see the source for copying conditions.  There is NO
warranty; not even for MERCHANTABILITY or FITNESS FOR A PARTICULAR PURPOSE.

configure:7366: $? = 0
configure:7355: mips-linux-gnu-gcc -v >&5
Using built-in specs.
COLLECT_GCC=mips-linux-gnu-gcc
COLLECT_LTO_WRAPPER=/opt/mips-gcc720-glibc229-r5.1.4/bin/../libexec/gcc/mips-linux-gnu/7.2.0/lto-wrapper
Target: mips-linux-gnu
Configured with: /home/users/ylli/ingenic_toolchain/project/src/gcc-7-2017.11/configure --build=i686-pc-linux-gnu --host=i686-pc-linux-gnu --target=mips-linux-gnu --enable-threads --disable-libmudflap --disable-libssp --disable-libstdcxx-pch --with-arch-32=mips32r2 --with-arch-64=mips64r2 --with-float=hard --with-mips-plt --enable-extra-sgxxlite-multilibs --with-gnu-as --with-gnu-ld --with-specs='-D__CS_SOURCERYGXX_MAJ__=2017 -D__CS_SOURCERYGXX_MIN__=11 -D__CS_SOURCERYGXX_REV__=32' --enable-languages=c,c++,fortran,go --enable-shared --enable-lto --enable-symvers=gnu --enable-__cxa_atexit --with-glibc-version=2.29 --with-pkgversion='Ingenic Linux-Release5.1.4.1-Default(xburst2(fp64)+glibc2.29+Go language) 2022.08-08 10:51:21' --disable-nls --prefix=/home/users/ylli/ingenic_toolchain/project/install/opt/codesourcery --with-sysroot=/home/users/ylli/ingenic_toolchain/project/install/opt/codesourcery/mips-linux-gnu/libc --with-build-sysroot=/home/users/ylli/ingenic_toolchain/project/install/opt/codesourcery/mips-linux-gnu/libc --with-gmp=/home/users/ylli/ingenic_toolchain/project/obj/pkg-2017.11-32-mips-linux-gnu/mips-2017.11-32-mips-linux-gnu.extras/host-libs-i686-pc-linux-gnu/usr --with-mpfr=/home/users/ylli/ingenic_toolchain/project/obj/pkg-2017.11-32-mips-linux-gnu/mips-2017.11-32-mips-linux-gnu.extras/host-libs-i686-pc-linux-gnu/usr --with-mpc=/home/users/ylli/ingenic_toolchain/project/obj/pkg-2017.11-32-mips-linux-gnu/mips-2017.11-32-mips-linux-gnu.extras/host-libs-i686-pc-linux-gnu/usr --with-isl=/home/users/ylli/ingenic_toolchain/project/obj/pkg-2017.11-32-mips-linux-gnu/mips-2017.11-32-mips-linux-gnu.extras/host-libs-i686-pc-linux-gnu/usr --enable-libgomp --disable-libitm --enable-libatomic --disable-libssp --disable-libcc1 --enable-poison-system-directories --with-python-dir=mips-linux-gnu/share/gdb/python --with-build-time-tools=/home/users/ylli/ingenic_toolchain/project/install/opt/codesourcery/mips-linux-gnu/bin --with-build-time-tools=/home/users/ylli/ingenic_toolchain/project/install/opt/codesourcery/mips-linux-gnu/bin --with-private=default_option_mglibc_mfp64 SED=sed
Thread model: posix
gcc version 7.2.0 (Ingenic Linux-Release5.1.4.1-Default(xburst2(fp64)+glibc2.29+Go language) 2022.08-08 10:51:21) 
configure:7366: $? = 0
configure:7355: mips-linux-gnu-gcc -V >&5
mips-linux-gnu-gcc: error: unrecognized command line option '-V'
mips-linux-gnu-gcc: fatal error: no input files
compilation terminated.
configure:7366: $? = 1
configure:7355: mips-linux-gnu-gcc -qversion >&5
mips-linux-gnu-gcc: error: unrecognized command line option '-qversion'; did you mean '--version'?
mips-linux-gnu-gcc: fatal error: no input files
compilation terminated.
configure:7366: $? = 1
configure:7370: checking whether we are using the GNU C compiler
configure:7398: result: yes
configure:7407: checking whether mips-linux-gnu-gcc accepts -g
configure:7468: result: yes
configure:7485: checking for mips-linux-gnu-gcc option to accept ISO C89
configure:7561: result: none needed
configure:7586: checking whether mips-linux-gnu-gcc understands -c and -o together
configure:7623: result: yes
configure:7642: checking dependency style of mips-linux-gnu-gcc
configure:7753: result: gcc3
configure:7770: checking whether ln -s works
configure:7774: result: yes
configure:7781: checking for a sed that does not truncate output
configure:7845: result: /bin/sed
configure:7927: checking how to print strings
configure:7954: result: printf
configure:7975: checking for a sed that does not truncate output
configure:8039: result: /bin/sed
configure:8057: checking for fgrep
configure:8119: result: /bin/grep -F
configure:8154: checking for ld used by mips-linux-gnu-gcc
configure:8221: result: /opt/mips-gcc720-glibc229-r5.1.4/mips-linux-gnu/bin/ld
configure:8228: checking if the linker (/opt/mips-gcc720-glibc229-r5.1.4/mips-linux-gnu/bin/ld) is GNU ld
configure:8243: result: yes
configure:8255: checking for BSD- or MS-compatible name lister (nm)
configure:8309: result: /opt/mips-gcc720-glibc229-r5.1.4/bin/mips-linux-gnu-nm -B
configure:8439: checking the name lister (/opt/mips-gcc720-glibc229-r5.1.4/bin/mips-linux-gnu-nm -B) interface
configure:8446: mips-linux-gnu-gcc -c -g -O2  conftest.c >&5
configure:8449: /opt/mips-gcc720-glibc229-r5.1.4/bin/mips-linux-gnu-nm -B "conftest.o"
configure:8452: output
00000000 B some_variable
configure:8459: result: BSD nm
configure:8463: checking the maximum length of command line arguments
configure:8594: result: 1572864
configure:8642: checking how to convert x86_64-pc-linux-gnu file names to mips-unknown-linux-gnu format
configure:8682: result: func_convert_file_noop
configure:8689: checking how to convert x86_64-pc-linux-gnu file names to toolchain format
configure:8709: result: func_convert_file_noop
configure:8716: checking for /opt/mips-gcc720-glibc229-r5.1.4/mips-linux-gnu/bin/ld option to reload object files
configure:8723: result: -r
configure:8757: checking for mips-linux-gnu-objdump
configure:8773: found /opt/mips-gcc720-glibc229-r5.1.4/bin/mips-linux-gnu-objdump
configure:8784: result: mips-linux-gnu-objdump
configure:8856: checking how to recognize dependent libraries
configure:9056: result: pass_all
configure:9101: checking for mips-linux-gnu-dlltool
configure:9131: result: no
configure:9141: checking for dlltool
configure:9171: result: no
configure:9201: checking how to associate runtime and link libraries
configure:9228: result: printf %s\n
configure:9244: checking for mips-linux-gnu-ar
configure:9260: found /opt/mips-gcc720-glibc229-r5.1.4/bin/mips-linux-gnu-ar
configure:9271: result: mips-linux-gnu-ar
configure:9352: checking for archiver @FILE support
configure:9369: mips-linux-gnu-gcc -c -g -O2  conftest.c >&5
configure:9369: $? = 0
configure:9372: mips-linux-gnu-ar cru libconftest.a @conftest.lst >&5
configure:9375: $? = 0
configure:9380: mips-linux-gnu-ar cru libconftest.a @conftest.lst >&5
mips-linux-gnu-ar: conftest.o: No such file or directory
configure:9383: $? = 1
configure:9395: result: @
configure:9413: checking for mips-linux-gnu-strip
configure:9440: result: mips-linux-gnu-strip
configure:9512: checking for mips-linux-gnu-ranlib
configure:9528: found /opt/mips-gcc720-glibc229-r5.1.4/bin/mips-linux-gnu-ranlib
configure:9539: result: mips-linux-gnu-ranlib
configure:9681: checking command to parse /opt/mips-gcc720-glibc229-r5.1.4/bin/mips-linux-gnu-nm -B output from mips-linux-gnu-gcc object
configure:9834: mips-linux-gnu-gcc -c -g -O2  conftest.c >&5
configure:9837: $? = 0
configure:9841: /opt/mips-gcc720-glibc229-r5.1.4/bin/mips-linux-gnu-nm -B conftest.o \| sed -n -e 's/^.*[ ]\([ABCDGIRSTW][ABCDGIRSTW]*\)[ ][ ]*\([_A-Za-z][_A-Za-z0-9]*\)$/\1 \2 \2/p' | sed '/ __gnu_lto/d' \> conftest.nm
configure:9844: $? = 0
configure:9910: mips-linux-gnu-gcc -o conftest -g -O2   conftest.c conftstm.o >&5
configure:9913: $? = 0
configure:9951: result: ok
configure:9998: checking for sysroot
configure:10028: result: no
configure:10035: checking for a working dd
configure:10073: result: /bin/dd
configure:10077: checking how to truncate binary pipes
configure:10092: result: /bin/dd bs=4096 count=1
configure:10381: checking for mips-linux-gnu-mt
configure:10411: result: no
configure:10421: checking for mt
configure:10437: found /bin/mt
configure:10448: result: mt
configure:10460: WARNING: using cross tools not prefixed with host triplet
configure:10471: checking if mt is a manifest tool
configure:10477: mt '-?'
configure:10485: result: no
configure:11157: checking for ANSI C header files
configure:11177: mips-linux-gnu-gcc -c -g -O2  conftest.c >&5
configure:11177: $? = 0
configure:11261: result: yes
configure:11274: checking for sys/types.h
configure:11274: mips-linux-gnu-gcc -c -g -O2  conftest.c >&5
configure:11274: $? = 0
configure:11274: result: yes
configure:11274: checking for sys/stat.h
configure:11274: mips-linux-gnu-gcc -c -g -O2  conftest.c >&5
configure:11274: $? = 0
configure:11274: result: yes
configure:11274: checking for stdlib.h
configure:11274: mips-linux-gnu-gcc -c -g -O2  conftest.c >&5
configure:11274: $? = 0
configure:11274: result: yes
configure:11274: checking for string.h
configure:11274: mips-linux-gnu-gcc -c -g -O2  conftest.c >&5
configure:11274: $? = 0
configure:11274: result: yes
configure:11274: checking for memory.h
configure:11274: mips-linux-gnu-gcc -c -g -O2  conftest.c >&5
configure:11274: $? = 0
configure:11274: result: yes
configure:11274: checking for strings.h
configure:11274: mips-linux-gnu-gcc -c -g -O2  conftest.c >&5
configure:11274: $? = 0
configure:11274: result: yes
configure:11274: checking for inttypes.h
configure:11274: mips-linux-gnu-gcc -c -g -O2  conftest.c >&5
configure:11274: $? = 0
configure:11274: result: yes
configure:11274: checking for stdint.h
configure:11274: mips-linux-gnu-gcc -c -g -O2  conftest.c >&5
configure:11274: $? = 0
configure:11274: result: yes
configure:11274: checking for unistd.h
configure:11274: mips-linux-gnu-gcc -c -g -O2  conftest.c >&5
configure:11274: $? = 0
configure:11274: result: yes
configure:11288: checking for dlfcn.h
configure:11288: mips-linux-gnu-gcc -c -g -O2  conftest.c >&5
configure:11288: $? = 0
configure:11288: result: yes
configure:11514: checking for objdir
configure:11529: result: .libs
configure:11793: checking if mips-linux-gnu-gcc supports -fno-rtti -fno-exceptions
configure:11811: mips-linux-gnu-gcc -c -g -O2  -fno-rtti -fno-exceptions conftest.c >&5
cc1: warning: command line option '-fno-rtti' is valid for C++/ObjC++ but not for C
configure:11815: $? = 0
configure:11828: result: no
configure:12186: checking for mips-linux-gnu-gcc option to produce PIC
configure:12193: result: -fPIC -DPIC
configure:12201: checking if mips-linux-gnu-gcc PIC flag -fPIC -DPIC works
configure:12219: mips-linux-gnu-gcc -c -g -O2  -fPIC -DPIC -DPIC conftest.c >&5
configure:12223: $? = 0
configure:12236: result: yes
configure:12265: checking if mips-linux-gnu-gcc static flag -static works
configure:12293: result: yes
configure:12308: checking if mips-linux-gnu-gcc supports -c -o file.o
configure:12329: mips-linux-gnu-gcc -c -g -O2  -o out/conftest2.o conftest.c >&5
configure:12333: $? = 0
configure:12355: result: yes
configure:12363: checking if mips-linux-gnu-gcc supports -c -o file.o
configure:12410: result: yes
configure:12443: checking whether the mips-linux-gnu-gcc linker (/opt/mips-gcc720-glibc229-r5.1.4/mips-linux-gnu/bin/ld) supports shared libraries
configure:13702: result: yes
configure:13739: checking whether -lc should be explicitly linked in
configure:13747: mips-linux-gnu-gcc -c -g -O2  conftest.c >&5
configure:13750: $? = 0
configure:13765: mips-linux-gnu-gcc -shared  -fPIC -DPIC conftest.o  -v -Wl,-soname -Wl,conftest -o conftest 2\>\&1 \| /bin/grep  -lc  \>/dev/null 2\>\&1
configure:13768: $? = 0
configure:13782: result: no
configure:13942: checking dynamic linker characteristics
configure:14523: mips-linux-gnu-gcc -o conftest -g -O2   -Wl,-rpath -Wl,/foo conftest.c  >&5
configure:14523: $? = 0
configure:14763: result: GNU/Linux ld.so
configure:14885: checking how to hardcode library paths into programs
configure:14910: result: immediate
configure:15458: checking whether stripping libraries is possible
configure:15463: result: yes
configure:15498: checking if libtool supports shared libraries
configure:15500: result: yes
configure:15503: checking whether to build shared libraries
configure:15528: result: yes
configure:15531: checking whether to build static libraries
configure:15535: result: no
configure:15583: checking for mips-linux-gnu-pkg-config
configure:15616: result: no
configure:15626: checking for pkg-config
configure:15644: found /usr/bin/pkg-config
configure:15656: result: /usr/bin/pkg-config
configure:15681: checking pkg-config is at least version 0.9.0
configure:15684: result: yes
configure:15732: checking for ALSA CFLAGS
configure:15738: result:  -I/system/alsa/include/
configure:15741: checking for dlopen in -lc
configure:15766: mips-linux-gnu-gcc -o conftest -g -O2 -I/system/alsa/include/   conftest.c -lc   >&5
/tmp/ccWFGiyG.o: In function `main':
/home/book/work/TOOLS/haohan-audio/alsa-utils-1.2.8/conftest.c:37: undefined reference to `dlopen'
collect2: error: ld returned 1 exit status
configure:15766: $? = 1
configure: failed program was:
| /* confdefs.h */
| #define PACKAGE_NAME "alsa-utils"
| #define PACKAGE_TARNAME "alsa-utils"
| #define PACKAGE_VERSION "1.2.8"
| #define PACKAGE_STRING "alsa-utils 1.2.8"
| #define PACKAGE_BUGREPORT ""
| #define PACKAGE_URL ""
| #define PACKAGE "alsa-utils"
| #define VERSION "1.2.8"
| #define ENABLE_NLS 1
| #define HAVE_GETTEXT 1
| #define HAVE_DCGETTEXT 1
| #define STDC_HEADERS 1
| #define HAVE_SYS_TYPES_H 1
| #define HAVE_SYS_STAT_H 1
| #define HAVE_STDLIB_H 1
| #define HAVE_STRING_H 1
| #define HAVE_MEMORY_H 1
| #define HAVE_STRINGS_H 1
| #define HAVE_INTTYPES_H 1
| #define HAVE_STDINT_H 1
| #define HAVE_UNISTD_H 1
| #define HAVE_DLFCN_H 1
| #define LT_OBJDIR ".libs/"
| /* end confdefs.h.  */
| 
| /* Override any GCC internal prototype to avoid an error.
|    Use char because int might match the return type of a GCC
|    builtin and then its argument prototype would still apply.  */
| #ifdef __cplusplus
| extern "C"
| #endif
| char dlopen ();
| int
| main ()
| {
| return dlopen ();
|   ;
|   return 0;
| }
configure:15775: result: no
configure:15780: checking for dlopen in -ldl
configure:15805: mips-linux-gnu-gcc -o conftest -g -O2 -I/system/alsa/include/   conftest.c -ldl   >&5
configure:15805: $? = 0
configure:15814: result: yes
configure:15823: checking for ALSA LDFLAGS
configure:15832: result:  -L/system/alsa/lib/ -lasound -lm -ldl -lpthread
configure:15837: checking required libasound headers version
configure:15847: result: 1.2.5
configure:15856: checking for libasound headers version >= 1.2.5 (1.2.5)
configure:15903: mips-linux-gnu-gcc -c -g -O2 -I/system/alsa/include/  conftest.c >&5
configure:15903: $? = 0
configure:15904: result: found.
configure:15927: checking for libatopology (sound headers version > 1.1.9)
configure:15954: mips-linux-gnu-gcc -c -g -O2 -I/system/alsa/include/  conftest.c >&5
configure:15954: $? = 0
configure:15955: result: yes
configure:15973: checking for snd_ctl_open in -lasound
configure:15998: mips-linux-gnu-gcc -o conftest -g -O2 -I/system/alsa/include/    -L/system/alsa/lib/ conftest.c -lasound   -L/system/alsa/lib/ -lasound -lm -ldl -lpthread  >&5
configure:15998: $? = 0
configure:16007: result: yes
configure:16025: checking for snd_tplg_new in -latopology
configure:16050: mips-linux-gnu-gcc -o conftest -g -O2 -I/system/alsa/include/    -L/system/alsa/lib/ conftest.c -latopology  -lasound  -L/system/alsa/lib/ -lasound -lm -ldl -lpthread  >&5
configure:16050: $? = 0
configure:16059: result: yes
configure:16099: checking for ALSA topology LDFLAGS
configure:16104: result:  -latopology
configure:16112: checking for snd_ctl_elem_add_enumerated
configure:16112: mips-linux-gnu-gcc -o conftest -g -O2 -I/system/alsa/include/    -L/system/alsa/lib/ conftest.c -lasound -L/system/alsa/lib/ -lm -ldl -lpthread >&5
configure:16112: $? = 0
configure:16112: result: yes
configure:16123: checking for alsa/pcm.h
configure:16123: mips-linux-gnu-gcc -c -g -O2 -I/system/alsa/include/  conftest.c >&5
configure:16123: $? = 0
configure:16123: result: yes
configure:16138: checking for alsa/mixer.h
configure:16138: mips-linux-gnu-gcc -c -g -O2 -I/system/alsa/include/  conftest.c >&5
configure:16138: $? = 0
configure:16138: result: yes
configure:16153: checking for alsa/rawmidi.h
configure:16153: mips-linux-gnu-gcc -c -g -O2 -I/system/alsa/include/  conftest.c >&5
configure:16153: $? = 0
configure:16153: result: yes
configure:16168: checking for alsa/seq.h
configure:16168: mips-linux-gnu-gcc -c -g -O2 -I/system/alsa/include/  conftest.c >&5
configure:16168: $? = 0
configure:16168: result: yes
configure:16183: checking for alsa/use-case.h
configure:16183: mips-linux-gnu-gcc -c -g -O2 -I/system/alsa/include/  conftest.c >&5
configure:16183: $? = 0
configure:16183: result: yes
configure:16198: checking for alsa/topology.h
configure:16198: mips-linux-gnu-gcc -c -g -O2 -I/system/alsa/include/  conftest.c >&5
configure:16198: $? = 0
configure:16198: result: yes
configure:16213: checking for samplerate.h
configure:16213: mips-linux-gnu-gcc -c -g -O2 -I/system/alsa/include/  conftest.c >&5
conftest.c:34:10: fatal error: samplerate.h: No such file or directory
 #include <samplerate.h>
          ^~~~~~~~~~~~~~
compilation terminated.
configure:16213: $? = 1
configure: failed program was:
| /* confdefs.h */
| #define PACKAGE_NAME "alsa-utils"
| #define PACKAGE_TARNAME "alsa-utils"
| #define PACKAGE_VERSION "1.2.8"
| #define PACKAGE_STRING "alsa-utils 1.2.8"
| #define PACKAGE_BUGREPORT ""
| #define PACKAGE_URL ""
| #define PACKAGE "alsa-utils"
| #define VERSION "1.2.8"
| #define ENABLE_NLS 1
| #define HAVE_GETTEXT 1
| #define HAVE_DCGETTEXT 1
| #define STDC_HEADERS 1
| #define HAVE_SYS_TYPES_H 1
| #define HAVE_SYS_STAT_H 1
| #define HAVE_STDLIB_H 1
| #define HAVE_STRING_H 1
| #define HAVE_MEMORY_H 1
| #define HAVE_STRINGS_H 1
| #define HAVE_INTTYPES_H 1
| #define HAVE_STDINT_H 1
| #define HAVE_UNISTD_H 1
| #define HAVE_DLFCN_H 1
| #define LT_OBJDIR ".libs/"
| #define HAVE_LIBASOUND 1
| #define HAVE_LIBATOPOLOGY 1
| #define HAVE_ALSA_PCM_H 1
| #define HAVE_ALSA_MIXER_H 1
| #define HAVE_ALSA_RAWMIDI_H 1
| #define HAVE_ALSA_SEQ_H 1
| #define HAVE_ALSA_USE_CASE_H 1
| #define HAVE_ALSA_TOPOLOGY_H 1
| /* end confdefs.h.  */
| #include <samplerate.h>
| 
| #include <samplerate.h>
configure:16213: result: no
configure:16227: checking for snd_seq_client_info_get_card in -lasound
configure:16252: mips-linux-gnu-gcc -o conftest -g -O2 -I/system/alsa/include/    -L/system/alsa/lib/ conftest.c -lasound  -lasound -L/system/alsa/lib/ -lm -ldl -lpthread >&5
configure:16252: $? = 0
configure:16261: result: yes
configure:16272: checking for snd_seq_client_info_get_pid in -lasound
configure:16297: mips-linux-gnu-gcc -o conftest -g -O2 -I/system/alsa/include/    -L/system/alsa/lib/ conftest.c -lasound  -lasound -L/system/alsa/lib/ -lm -ldl -lpthread >&5
configure:16297: $? = 0
configure:16306: result: yes
configure:16317: checking for snd_tplg_save in -latopology
configure:16342: mips-linux-gnu-gcc -o conftest -g -O2 -I/system/alsa/include/    -L/system/alsa/lib/ conftest.c -latopology  -lasound -L/system/alsa/lib/ -lm -ldl -lpthread >&5
configure:16342: $? = 0
configure:16351: result: yes
configure:16367: checking for ffado_streaming_init in -lffado
configure:16392: mips-linux-gnu-gcc -o conftest -g -O2 -I/system/alsa/include/    -L/system/alsa/lib/ conftest.c -lffado  -lasound -L/system/alsa/lib/ -lm -ldl -lpthread >&5
/opt/mips-gcc720-glibc229-r5.1.4/bin/../lib/gcc/mips-linux-gnu/7.2.0/../../../../mips-linux-gnu/bin/ld: cannot find -lffado
collect2: error: ld returned 1 exit status
configure:16392: $? = 1
configure: failed program was:
| /* confdefs.h */
| #define PACKAGE_NAME "alsa-utils"
| #define PACKAGE_TARNAME "alsa-utils"
| #define PACKAGE_VERSION "1.2.8"
| #define PACKAGE_STRING "alsa-utils 1.2.8"
| #define PACKAGE_BUGREPORT ""
| #define PACKAGE_URL ""
| #define PACKAGE "alsa-utils"
| #define VERSION "1.2.8"
| #define ENABLE_NLS 1
| #define HAVE_GETTEXT 1
| #define HAVE_DCGETTEXT 1
| #define STDC_HEADERS 1
| #define HAVE_SYS_TYPES_H 1
| #define HAVE_SYS_STAT_H 1
| #define HAVE_STDLIB_H 1
| #define HAVE_STRING_H 1
| #define HAVE_MEMORY_H 1
| #define HAVE_STRINGS_H 1
| #define HAVE_INTTYPES_H 1
| #define HAVE_STDINT_H 1
| #define HAVE_UNISTD_H 1
| #define HAVE_DLFCN_H 1
| #define LT_OBJDIR ".libs/"
| #define HAVE_LIBASOUND 1
| #define HAVE_LIBATOPOLOGY 1
| #define HAVE_ALSA_PCM_H 1
| #define HAVE_ALSA_MIXER_H 1
| #define HAVE_ALSA_RAWMIDI_H 1
| #define HAVE_ALSA_SEQ_H 1
| #define HAVE_ALSA_USE_CASE_H 1
| #define HAVE_ALSA_TOPOLOGY_H 1
| #define HAVE_SEQ_CLIENT_INFO_GET_CARD 1
| #define HAVE_SEQ_CLIENT_INFO_GET_PID 1
| /* end confdefs.h.  */
| 
| /* Override any GCC internal prototype to avoid an error.
|    Use char because int might match the return type of a GCC
|    builtin and then its argument prototype would still apply.  */
| #ifdef __cplusplus
| extern "C"
| #endif
| char ffado_streaming_init ();
| int
| main ()
| {
| return ffado_streaming_init ();
|   ;
|   return 0;
| }
configure:16401: result: no
configure:16416: checking for memfd_create
configure:16416: mips-linux-gnu-gcc -o conftest -g -O2 -I/system/alsa/include/    -L/system/alsa/lib/ conftest.c -lasound -L/system/alsa/lib/ -lm -ldl -lpthread >&5
configure:16416: $? = 0
configure:16416: result: yes
configure:16539: checking for fftwf_malloc in -lfftw3f
configure:16564: mips-linux-gnu-gcc -o conftest -g -O2 -I/system/alsa/include/    -L/system/alsa/lib/ conftest.c -lfftw3f  -lasound -L/system/alsa/lib/ -lm -ldl -lpthread >&5
/opt/mips-gcc720-glibc229-r5.1.4/bin/../lib/gcc/mips-linux-gnu/7.2.0/../../../../mips-linux-gnu/bin/ld: cannot find -lfftw3f
collect2: error: ld returned 1 exit status
configure:16564: $? = 1
configure: failed program was:
| /* confdefs.h */
| #define PACKAGE_NAME "alsa-utils"
| #define PACKAGE_TARNAME "alsa-utils"
| #define PACKAGE_VERSION "1.2.8"
| #define PACKAGE_STRING "alsa-utils 1.2.8"
| #define PACKAGE_BUGREPORT ""
| #define PACKAGE_URL ""
| #define PACKAGE "alsa-utils"
| #define VERSION "1.2.8"
| #define ENABLE_NLS 1
| #define HAVE_GETTEXT 1
| #define HAVE_DCGETTEXT 1
| #define STDC_HEADERS 1
| #define HAVE_SYS_TYPES_H 1
| #define HAVE_SYS_STAT_H 1
| #define HAVE_STDLIB_H 1
| #define HAVE_STRING_H 1
| #define HAVE_MEMORY_H 1
| #define HAVE_STRINGS_H 1
| #define HAVE_INTTYPES_H 1
| #define HAVE_STDINT_H 1
| #define HAVE_UNISTD_H 1
| #define HAVE_DLFCN_H 1
| #define LT_OBJDIR ".libs/"
| #define HAVE_LIBASOUND 1
| #define HAVE_LIBATOPOLOGY 1
| #define HAVE_ALSA_PCM_H 1
| #define HAVE_ALSA_MIXER_H 1
| #define HAVE_ALSA_RAWMIDI_H 1
| #define HAVE_ALSA_SEQ_H 1
| #define HAVE_ALSA_USE_CASE_H 1
| #define HAVE_ALSA_TOPOLOGY_H 1
| #define HAVE_SEQ_CLIENT_INFO_GET_CARD 1
| #define HAVE_SEQ_CLIENT_INFO_GET_PID 1
| #define HAVE_MEMFD_CREATE 1
| /* end confdefs.h.  */
| 
| /* Override any GCC internal prototype to avoid an error.
|    Use char because int might match the return type of a GCC
|    builtin and then its argument prototype would still apply.  */
| #ifdef __cplusplus
| extern "C"
| #endif
| char fftwf_malloc ();
| int
| main ()
| {
| return fftwf_malloc ();
|   ;
|   return 0;
| }
configure:16573: result: no
configure:16637: checking for sqrtf in -lm
configure:16662: mips-linux-gnu-gcc -o conftest -g -O2 -I/system/alsa/include/    -L/system/alsa/lib/ conftest.c -lm  -lasound -L/system/alsa/lib/ -lm -ldl -lpthread >&5
conftest.c:44:6: warning: conflicting types for built-in function 'sqrtf' [-Wbuiltin-declaration-mismatch]
 char sqrtf ();
      ^~~~~
configure:16662: $? = 0
configure:16671: result: yes
configure:16684: checking for pthread_create in -lpthread
configure:16709: mips-linux-gnu-gcc -o conftest -g -O2 -I/system/alsa/include/    -L/system/alsa/lib/ conftest.c -lpthread  -lm -lasound -L/system/alsa/lib/ -lm -ldl -lpthread >&5
configure:16709: $? = 0
configure:16718: result: yes
configure:16759: checking for librt
configure:16770: checking for clock_gettime in -lrt
configure:16795: mips-linux-gnu-gcc -o conftest -g -O2 -I/system/alsa/include/    -L/system/alsa/lib/ conftest.c -lrt  -lasound -L/system/alsa/lib/ -lm -ldl -lpthread >&5
configure:16795: $? = 0
configure:16804: result: yes
configure:16957: checking for rst2man
configure:16987: result: no
configure:17017: checking for ANSI C header files
configure:17121: result: yes
configure:17983: checking for an ANSI C-conforming const
configure:18049: mips-linux-gnu-gcc -c -g -O2 -I/system/alsa/include/  conftest.c >&5
configure:18049: $? = 0
configure:18056: result: yes
configure:18064: checking for inline
configure:18080: mips-linux-gnu-gcc -c -g -O2 -I/system/alsa/include/  conftest.c >&5
configure:18080: $? = 0
configure:18088: result: inline
configure:18106: checking whether time.h and sys/time.h may both be included
configure:18126: mips-linux-gnu-gcc -c -g -O2 -I/system/alsa/include/  conftest.c >&5
configure:18126: $? = 0
configure:18133: result: yes
configure:18143: checking whether mips-linux-gnu-gcc needs -traditional
configure:18177: result: no
configure:18192: checking for special C compiler options needed for large files
configure:18237: result: no
configure:18243: checking for _FILE_OFFSET_BITS value needed for large files
configure:18268: mips-linux-gnu-gcc -c -g -O2 -I/system/alsa/include/  conftest.c >&5
conftest.c:50:33: warning: left shift count >= width of type [-Wshift-count-overflow]
 #define LARGE_OFF_T (((off_t) 1 << 62) - 1 + ((off_t) 1 << 62))
                                 ^
conftest.c:51:23: note: in expansion of macro 'LARGE_OFF_T'
   int off_t_is_large[(LARGE_OFF_T % 2147483629 == 721
                       ^~~~~~~~~~~
conftest.c:50:57: warning: left shift count >= width of type [-Wshift-count-overflow]
 #define LARGE_OFF_T (((off_t) 1 << 62) - 1 + ((off_t) 1 << 62))
                                                         ^
conftest.c:51:23: note: in expansion of macro 'LARGE_OFF_T'
   int off_t_is_large[(LARGE_OFF_T % 2147483629 == 721
                       ^~~~~~~~~~~
conftest.c:50:33: warning: left shift count >= width of type [-Wshift-count-overflow]
 #define LARGE_OFF_T (((off_t) 1 << 62) - 1 + ((off_t) 1 << 62))
                                 ^
conftest.c:52:13: note: in expansion of macro 'LARGE_OFF_T'
          && LARGE_OFF_T % 2147483647 == 1)
             ^~~~~~~~~~~
conftest.c:50:57: warning: left shift count >= width of type [-Wshift-count-overflow]
 #define LARGE_OFF_T (((off_t) 1 << 62) - 1 + ((off_t) 1 << 62))
                                                         ^
conftest.c:52:13: note: in expansion of macro 'LARGE_OFF_T'
          && LARGE_OFF_T % 2147483647 == 1)
             ^~~~~~~~~~~
conftest.c:51:7: error: variably modified 'off_t_is_large' at file scope
   int off_t_is_large[(LARGE_OFF_T % 2147483629 == 721
       ^~~~~~~~~~~~~~
configure:18268: $? = 1
configure: failed program was:
| /* confdefs.h */
| #define PACKAGE_NAME "alsa-utils"
| #define PACKAGE_TARNAME "alsa-utils"
| #define PACKAGE_VERSION "1.2.8"
| #define PACKAGE_STRING "alsa-utils 1.2.8"
| #define PACKAGE_BUGREPORT ""
| #define PACKAGE_URL ""
| #define PACKAGE "alsa-utils"
| #define VERSION "1.2.8"
| #define ENABLE_NLS 1
| #define HAVE_GETTEXT 1
| #define HAVE_DCGETTEXT 1
| #define STDC_HEADERS 1
| #define HAVE_SYS_TYPES_H 1
| #define HAVE_SYS_STAT_H 1
| #define HAVE_STDLIB_H 1
| #define HAVE_STRING_H 1
| #define HAVE_MEMORY_H 1
| #define HAVE_STRINGS_H 1
| #define HAVE_INTTYPES_H 1
| #define HAVE_STDINT_H 1
| #define HAVE_UNISTD_H 1
| #define HAVE_DLFCN_H 1
| #define LT_OBJDIR ".libs/"
| #define HAVE_LIBASOUND 1
| #define HAVE_LIBATOPOLOGY 1
| #define HAVE_ALSA_PCM_H 1
| #define HAVE_ALSA_MIXER_H 1
| #define HAVE_ALSA_RAWMIDI_H 1
| #define HAVE_ALSA_SEQ_H 1
| #define HAVE_ALSA_USE_CASE_H 1
| #define HAVE_ALSA_TOPOLOGY_H 1
| #define HAVE_SEQ_CLIENT_INFO_GET_CARD 1
| #define HAVE_SEQ_CLIENT_INFO_GET_PID 1
| #define HAVE_MEMFD_CREATE 1
| #define HAVE_LIBM 1
| #define HAVE_LIBPTHREAD 1
| #define HAVE_LIBRT 1
| #define HAVE_CLOCK_GETTIME 1
| #define STDC_HEADERS 1
| #define SOUNDSDIR "/home/book/work/TOOLS/haohan-audio/alsa-utils-1.2.8/out/share/sounds/alsa"
| #define DATADIR "/home/book/work/TOOLS/haohan-audio/alsa-utils-1.2.8/out/share/alsa"
| #define TIME_WITH_SYS_TIME 1
| /* end confdefs.h.  */
| #include <sys/types.h>
|  /* Check that off_t can represent 2**63 - 1 correctly.
|     We can't simply define LARGE_OFF_T to be 9223372036854775807,
|     since some C++ compilers masquerading as C compilers
|     incorrectly reject 9223372036854775807.  */
| #define LARGE_OFF_T (((off_t) 1 << 62) - 1 + ((off_t) 1 << 62))
|   int off_t_is_large[(LARGE_OFF_T % 2147483629 == 721
| 		       && LARGE_OFF_T % 2147483647 == 1)
| 		      ? 1 : -1];
| int
| main ()
| {
| 
|   ;
|   return 0;
| }
configure:18292: mips-linux-gnu-gcc -c -g -O2 -I/system/alsa/include/  conftest.c >&5
configure:18292: $? = 0
configure:18300: result: 64
configure:18407: checking for SYSTEMD
configure:18414: $PKG_CONFIG --exists --print-errors "systemd >= 18"
configure:18417: $? = 0
configure:18431: $PKG_CONFIG --exists --print-errors "systemd >= 18"
configure:18434: $? = 0
configure:18472: result: yes
configure:18676: checking that generated files are newer than configure
configure:18682: result: done
configure:18781: creating ./config.status

## ---------------------- ##
## Running config.status. ##
## ---------------------- ##

This file was extended by alsa-utils config.status 1.2.8, which was
generated by GNU Autoconf 2.69.  Invocation command line was

  CONFIG_FILES    = 
  CONFIG_HEADERS  = 
  CONFIG_LINKS    = 
  CONFIG_COMMANDS = 
  $ ./config.status 

on skr

config.status:1238: creating Makefile
config.status:1238: creating alsactl/Makefile
config.status:1238: creating alsactl/init/Makefile
config.status:1238: creating alsamixer/Makefile
config.status:1238: creating amidi/Makefile
config.status:1238: creating amixer/Makefile
config.status:1238: creating m4/Makefile
config.status:1238: creating po/Makefile.in
config.status:1238: creating alsaconf/alsaconf
config.status:1238: creating alsaconf/Makefile
config.status:1238: creating alsaconf/po/Makefile
config.status:1346: WARNING:  'alsaconf/po/Makefile.in' seems to ignore the --datarootdir setting
config.status:1238: creating alsaucm/Makefile
config.status:1238: creating topology/Makefile
config.status:1238: creating topology/nhlt/Makefile
config.status:1238: creating bat/Makefile
config.status:1238: creating bat/tests/Makefile
config.status:1238: creating bat/tests/asound_state/Makefile
config.status:1238: creating aplay/Makefile
config.status:1238: creating include/Makefile
config.status:1238: creating iecset/Makefile
config.status:1238: creating utils/Makefile
config.status:1238: creating utils/alsa-utils.spec
config.status:1238: creating seq/Makefile
config.status:1238: creating seq/aconnect/Makefile
config.status:1238: creating seq/aplaymidi/Makefile
config.status:1238: creating seq/aseqdump/Makefile
config.status:1238: creating seq/aseqnet/Makefile
config.status:1238: creating speaker-test/Makefile
config.status:1238: creating speaker-test/samples/Makefile
config.status:1238: creating alsaloop/Makefile
config.status:1238: creating alsa-info/Makefile
config.status:1238: creating axfer/Makefile
config.status:1238: creating axfer/test/Makefile
config.status:1238: creating include/aconfig.h
config.status:1467: executing po-directories commands
config.status:1467: executing depfiles commands
config.status:1655: cd alsactl       && sed -e '/# am--include-marker/d' Makefile         | make -f - am--depfiles
config.status:1660: $? = 0
config.status:1655: cd alsamixer       && sed -e '/# am--include-marker/d' Makefile         | make -f - am--depfiles
config.status:1660: $? = 0
config.status:1655: cd amidi       && sed -e '/# am--include-marker/d' Makefile         | make -f - am--depfiles
config.status:1660: $? = 0
config.status:1655: cd amixer       && sed -e '/# am--include-marker/d' Makefile         | make -f - am--depfiles
config.status:1660: $? = 0
config.status:1655: cd alsaucm       && sed -e '/# am--include-marker/d' Makefile         | make -f - am--depfiles
config.status:1660: $? = 0
config.status:1655: cd topology       && sed -e '/# am--include-marker/d' Makefile         | make -f - am--depfiles
config.status:1660: $? = 0
config.status:1655: cd topology/nhlt       && sed -e '/# am--include-marker/d' Makefile         | make -f - am--depfiles
config.status:1660: $? = 0
config.status:1655: cd bat       && sed -e '/# am--include-marker/d' Makefile         | make -f - am--depfiles
config.status:1660: $? = 0
config.status:1655: cd aplay       && sed -e '/# am--include-marker/d' Makefile         | make -f - am--depfiles
config.status:1660: $? = 0
config.status:1655: cd iecset       && sed -e '/# am--include-marker/d' Makefile         | make -f - am--depfiles
config.status:1660: $? = 0
config.status:1655: cd seq/aconnect       && sed -e '/# am--include-marker/d' Makefile         | make -f - am--depfiles
config.status:1660: $? = 0
config.status:1655: cd seq/aplaymidi       && sed -e '/# am--include-marker/d' Makefile         | make -f - am--depfiles
config.status:1660: $? = 0
config.status:1655: cd seq/aseqdump       && sed -e '/# am--include-marker/d' Makefile         | make -f - am--depfiles
config.status:1660: $? = 0
config.status:1655: cd seq/aseqnet       && sed -e '/# am--include-marker/d' Makefile         | make -f - am--depfiles
config.status:1660: $? = 0
config.status:1655: cd speaker-test       && sed -e '/# am--include-marker/d' Makefile         | make -f - am--depfiles
config.status:1660: $? = 0
config.status:1655: cd alsaloop       && sed -e '/# am--include-marker/d' Makefile         | make -f - am--depfiles
config.status:1660: $? = 0
config.status:1655: cd axfer       && sed -e '/# am--include-marker/d' Makefile         | make -f - am--depfiles
config.status:1660: $? = 0
config.status:1655: cd axfer/test       && sed -e '/# am--include-marker/d' Makefile         | make -f - am--depfiles
config.status:1660: $? = 0
config.status:1467: executing libtool commands

## ---------------- ##
## Cache variables. ##
## ---------------- ##

ac_cv_build=x86_64-pc-linux-gnu
ac_cv_c_compiler_gnu=yes
ac_cv_c_const=yes
ac_cv_c_inline=inline
ac_cv_env_CC_set=
ac_cv_env_CC_value=
ac_cv_env_CFLAGS_set=
ac_cv_env_CFLAGS_value=
ac_cv_env_CPPFLAGS_set=
ac_cv_env_CPPFLAGS_value=
ac_cv_env_CPP_set=
ac_cv_env_CPP_value=
ac_cv_env_LDFLAGS_set=
ac_cv_env_LDFLAGS_value=
ac_cv_env_LIBS_set=
ac_cv_env_LIBS_value=
ac_cv_env_LT_SYS_LIBRARY_PATH_set=
ac_cv_env_LT_SYS_LIBRARY_PATH_value=
ac_cv_env_NCURSESW_CFLAGS_set=
ac_cv_env_NCURSESW_CFLAGS_value=
ac_cv_env_NCURSESW_LIBS_set=
ac_cv_env_NCURSESW_LIBS_value=
ac_cv_env_NCURSES_CFLAGS_set=
ac_cv_env_NCURSES_CFLAGS_value=
ac_cv_env_NCURSES_LIBS_set=
ac_cv_env_NCURSES_LIBS_value=
ac_cv_env_PKG_CONFIG_LIBDIR_set=
ac_cv_env_PKG_CONFIG_LIBDIR_value=
ac_cv_env_PKG_CONFIG_PATH_set=
ac_cv_env_PKG_CONFIG_PATH_value=
ac_cv_env_PKG_CONFIG_set=
ac_cv_env_PKG_CONFIG_value=
ac_cv_env_SYSTEMD_CFLAGS_set=
ac_cv_env_SYSTEMD_CFLAGS_value=
ac_cv_env_SYSTEMD_LIBS_set=
ac_cv_env_SYSTEMD_LIBS_value=
ac_cv_env_build_alias_set=
ac_cv_env_build_alias_value=
ac_cv_env_host_alias_set=set
ac_cv_env_host_alias_value=mips-linux-gnu
ac_cv_env_target_alias_set=
ac_cv_env_target_alias_value=
ac_cv_func_memfd_create=yes
ac_cv_func_snd_ctl_elem_add_enumerated=yes
ac_cv_header_alsa_mixer_h=yes
ac_cv_header_alsa_pcm_h=yes
ac_cv_header_alsa_rawmidi_h=yes
ac_cv_header_alsa_seq_h=yes
ac_cv_header_alsa_topology_h=yes
ac_cv_header_alsa_use_case_h=yes
ac_cv_header_dlfcn_h=yes
ac_cv_header_inttypes_h=yes
ac_cv_header_memory_h=yes
ac_cv_header_samplerate_h=no
ac_cv_header_stdc=yes
ac_cv_header_stdint_h=yes
ac_cv_header_stdlib_h=yes
ac_cv_header_string_h=yes
ac_cv_header_strings_h=yes
ac_cv_header_sys_stat_h=yes
ac_cv_header_sys_types_h=yes
ac_cv_header_time=yes
ac_cv_header_unistd_h=yes
ac_cv_host=mips-unknown-linux-gnu
ac_cv_lib_asound_snd_ctl_open=yes
ac_cv_lib_asound_snd_seq_client_info_get_card=yes
ac_cv_lib_asound_snd_seq_client_info_get_pid=yes
ac_cv_lib_atopology_snd_tplg_new=yes
ac_cv_lib_atopology_snd_tplg_save=yes
ac_cv_lib_c_dlopen=no
ac_cv_lib_dl_dlopen=yes
ac_cv_lib_ffado_ffado_streaming_init=no
ac_cv_lib_fftw3f_fftwf_malloc=no
ac_cv_lib_m_sqrtf=yes
ac_cv_lib_pthread_pthread_create=yes
ac_cv_lib_rt_clock_gettime=yes
ac_cv_objext=o
ac_cv_path_EGREP='/bin/grep -E'
ac_cv_path_FGREP='/bin/grep -F'
ac_cv_path_GMSGFMT=/usr/bin/msgfmt
ac_cv_path_GREP=/bin/grep
ac_cv_path_MSGFMT=/usr/bin/msgfmt
ac_cv_path_MSGMERGE=/usr/bin/msgmerge
ac_cv_path_SED=/bin/sed
ac_cv_path_XGETTEXT=/usr/bin/xgettext
ac_cv_path_ac_pt_PKG_CONFIG=/usr/bin/pkg-config
ac_cv_path_install='/usr/bin/install -c'
ac_cv_path_lt_DD=/bin/dd
ac_cv_path_mkdir=/bin/mkdir
ac_cv_prog_AR=mips-linux-gnu-ar
ac_cv_prog_AWK=gawk
ac_cv_prog_CC=mips-linux-gnu-gcc
ac_cv_prog_CPP='mips-linux-gnu-gcc -E'
ac_cv_prog_OBJDUMP=mips-linux-gnu-objdump
ac_cv_prog_RANLIB=mips-linux-gnu-ranlib
ac_cv_prog_STRIP=mips-linux-gnu-strip
ac_cv_prog_ac_ct_MANIFEST_TOOL=mt
ac_cv_prog_cc_c89=
ac_cv_prog_cc_g=yes
ac_cv_prog_gcc_traditional=no
ac_cv_prog_make_make_set=yes
ac_cv_sys_file_offset_bits=64
ac_cv_sys_largefile_CC=no
acl_cv_hardcode_direct=no
acl_cv_hardcode_libdir_flag_spec='${wl}-rpath ${wl}$libdir'
acl_cv_hardcode_libdir_separator=
acl_cv_hardcode_minus_L=no
acl_cv_libdirstems=lib,lib32,lib
acl_cv_libext=a
acl_cv_libname_spec='lib$name'
acl_cv_library_names_spec='$libname$shrext'
acl_cv_path_LD=/opt/mips-gcc720-glibc229-r5.1.4/mips-linux-gnu/bin/ld
acl_cv_prog_gnu_ld=yes
acl_cv_rpath=done
acl_cv_shlibext=so
acl_cv_wl=-Wl,
am_cv_CC_dependencies_compiler_type=gcc3
am_cv_make_support_nested_variables=yes
am_cv_prog_cc_c_o=yes
gl_cv_elf=yes
gl_cv_host_cpu_c_abi_32bit=yes
gt_cv_func_CFLocaleCopyPreferredLanguages=no
gt_cv_func_CFPreferencesCopyAppValue=no
gt_cv_func_gnugettext1_libc=yes
lt_cv_ar_at_file=@
lt_cv_archive_cmds_need_lc=no
lt_cv_deplibs_check_method=pass_all
lt_cv_file_magic_cmd='$MAGIC_CMD'
lt_cv_file_magic_test_file=
lt_cv_ld_reload_flag=-r
lt_cv_nm_interface='BSD nm'
lt_cv_objdir=.libs
lt_cv_path_LD=/opt/mips-gcc720-glibc229-r5.1.4/mips-linux-gnu/bin/ld
lt_cv_path_NM='/opt/mips-gcc720-glibc229-r5.1.4/bin/mips-linux-gnu-nm -B'
lt_cv_path_mainfest_tool=no
lt_cv_prog_compiler_c_o=yes
lt_cv_prog_compiler_pic='-fPIC -DPIC'
lt_cv_prog_compiler_pic_works=yes
lt_cv_prog_compiler_rtti_exceptions=no
lt_cv_prog_compiler_static_works=yes
lt_cv_prog_gnu_ld=yes
lt_cv_sharedlib_from_linklib_cmd='printf %s\n'
lt_cv_shlibpath_overrides_runpath=no
lt_cv_sys_global_symbol_pipe='sed -n -e '\''s/^.*[	 ]\([ABCDGIRSTW][ABCDGIRSTW]*\)[	 ][	 ]*\([_A-Za-z][_A-Za-z0-9]*\)$/\1 \2 \2/p'\'' | sed '\''/ __gnu_lto/d'\'''
lt_cv_sys_global_symbol_to_c_name_address='sed -n -e '\''s/^: \(.*\) .*$/  {"\1", (void *) 0},/p'\'' -e '\''s/^[ABCDGIRSTW][ABCDGIRSTW]* .* \(.*\)$/  {"\1", (void *) \&\1},/p'\'''
lt_cv_sys_global_symbol_to_c_name_address_lib_prefix='sed -n -e '\''s/^: \(.*\) .*$/  {"\1", (void *) 0},/p'\'' -e '\''s/^[ABCDGIRSTW][ABCDGIRSTW]* .* \(lib.*\)$/  {"\1", (void *) \&\1},/p'\'' -e '\''s/^[ABCDGIRSTW][ABCDGIRSTW]* .* \(.*\)$/  {"lib\1", (void *) \&\1},/p'\'''
lt_cv_sys_global_symbol_to_cdecl='sed -n -e '\''s/^T .* \(.*\)$/extern int \1();/p'\'' -e '\''s/^[ABCDGIRSTW][ABCDGIRSTW]* .* \(.*\)$/extern char \1;/p'\'''
lt_cv_sys_global_symbol_to_import=
lt_cv_sys_max_cmd_len=1572864
lt_cv_to_host_file_cmd=func_convert_file_noop
lt_cv_to_tool_file_cmd=func_convert_file_noop
lt_cv_truncate_bin='/bin/dd bs=4096 count=1'
pkg_cv_SYSTEMD_CFLAGS=
pkg_cv_SYSTEMD_LIBS=

## ----------------- ##
## Output variables. ##
## ----------------- ##

ACLOCAL='${SHELL} /home/book/work/TOOLS/haohan-audio/alsa-utils-1.2.8/missing aclocal-1.16'
ALSACONF_FALSE='#'
ALSACONF_TRUE=''
ALSACTL_DAEMONSWITCH='/etc/alsa/state-daemon.conf'
ALSACTL_PIDFILE_DIR='/var/run'
ALSALOOP_FALSE='#'
ALSALOOP_TRUE=''
ALSAMIXER_FALSE=''
ALSAMIXER_TRUE='#'
ALSA_CFLAGS=' -I/system/alsa/include/'
ALSA_LIBS=' -L/system/alsa/lib/ -lasound -lm -ldl -lpthread'
ALSA_TOPOLOGY_LIBS=' -latopology'
ALSA_TOPOLOGY_PLUGIN_DIR='/home/book/work/TOOLS/haohan-audio/alsa-utils-1.2.8/out/lib/alsa-topology'
AMDEPBACKSLASH='\'
AMDEP_FALSE='#'
AMDEP_TRUE=''
AMTAR='$${TAR-tar}'
AM_BACKSLASH='\'
AM_DEFAULT_V='$(AM_DEFAULT_VERBOSITY)'
AM_DEFAULT_VERBOSITY='1'
AM_V='$(V)'
AR='mips-linux-gnu-ar'
ASOUND_LOCK_DIR='/var/lock'
ASOUND_STATE_DIR='/var/lib/alsa'
AUTOCONF='${SHELL} /home/book/work/TOOLS/haohan-audio/alsa-utils-1.2.8/missing autoconf'
AUTOHEADER='${SHELL} /home/book/work/TOOLS/haohan-audio/alsa-utils-1.2.8/missing autoheader'
AUTOMAKE='${SHELL} /home/book/work/TOOLS/haohan-audio/alsa-utils-1.2.8/missing automake-1.16'
AWK='gawk'
BAT_FALSE='#'
BAT_TRUE=''
CC='mips-linux-gnu-gcc'
CCDEPMODE='depmode=gcc3'
CFLAGS='-g -O2 -I/system/alsa/include/'
CPP='mips-linux-gnu-gcc -E'
CPPFLAGS=''
CURSESINC=''
CURSESLIB=''
CURSES_CFLAGS=''
CYGPATH_W='echo'
DEFS='-DHAVE_CONFIG_H'
DEPDIR='.deps'
DLLTOOL='false'
DSYMUTIL=''
DUMPBIN=''
ECHO_C=''
ECHO_N='-n'
ECHO_T=''
EGREP='/bin/grep -E'
EXEEXT=''
FFTW_CFLAGS='-g -O2 -I/system/alsa/include/'
FFTW_INC=''
FFTW_LIB='-lpthread -lm -lasound -L/system/alsa/lib/ -lm -ldl -lpthread'
FGREP='/bin/grep -F'
GETTEXT_MACRO_VERSION='0.20'
GMSGFMT='/usr/bin/msgfmt'
GMSGFMT_015='/usr/bin/msgfmt'
GREP='/bin/grep'
HAVE_FFADO_FALSE=''
HAVE_FFADO_TRUE='#'
HAVE_LIBFFTW3_FALSE=''
HAVE_LIBFFTW3_TRUE='#'
HAVE_LIBTINYALSA_FALSE=''
HAVE_LIBTINYALSA_TRUE='#'
HAVE_MIXER_FALSE='#'
HAVE_MIXER_TRUE=''
HAVE_PCM_FALSE='#'
HAVE_PCM_TRUE=''
HAVE_RAWMIDI_FALSE='#'
HAVE_RAWMIDI_TRUE=''
HAVE_SAMPLERATE_FALSE=''
HAVE_SAMPLERATE_TRUE='#'
HAVE_SEQ_FALSE='#'
HAVE_SEQ_TRUE=''
HAVE_SYSTEMD_FALSE='#'
HAVE_SYSTEMD_TRUE=''
HAVE_TOPOLOGY_FALSE='#'
HAVE_TOPOLOGY_TRUE=''
HAVE_UCM_FALSE='#'
HAVE_UCM_TRUE=''
INSTALL_DATA='${INSTALL} -m 644'
INSTALL_PROGRAM='${INSTALL}'
INSTALL_SCRIPT='${INSTALL}'
INSTALL_STRIP_PROGRAM='$(install_sh) -c -s'
INTLLIBS=''
INTL_MACOSX_LIBS=''
LD='/opt/mips-gcc720-glibc229-r5.1.4/mips-linux-gnu/bin/ld'
LDFLAGS='  -L/system/alsa/lib/'
LIBICONV='-liconv'
LIBINTL=''
LIBOBJS=''
LIBRT='-lrt'
LIBS='-lasound -L/system/alsa/lib/ -lm -ldl -lpthread'
LIBTOOL='$(SHELL) $(top_builddir)/libtool'
LIPO=''
LN_S='ln -s'
LTLIBICONV='-liconv'
LTLIBINTL=''
LTLIBOBJS=''
LT_SYS_LIBRARY_PATH=''
MAINT=''
MAINTAINER_MODE_FALSE='#'
MAINTAINER_MODE_TRUE=''
MAKEINFO='${SHELL} /home/book/work/TOOLS/haohan-audio/alsa-utils-1.2.8/missing makeinfo'
MANIFEST_TOOL=':'
MKDIR_P='/bin/mkdir -p'
MSGFMT='/usr/bin/msgfmt'
MSGMERGE='/usr/bin/msgmerge'
MSGMERGE_FOR_MSGFMT_OPTION='--no-fuzzy-matching --no-location --quiet'
NCURSESW_CFLAGS=''
NCURSESW_LIBS=''
NCURSES_CFLAGS=''
NCURSES_LIBS=''
NM='/opt/mips-gcc720-glibc229-r5.1.4/bin/mips-linux-gnu-nm -B'
NMEDIT=''
OBJDUMP='mips-linux-gnu-objdump'
OBJEXT='o'
OTOOL64=''
OTOOL=''
PACKAGE='alsa-utils'
PACKAGE_BUGREPORT=''
PACKAGE_NAME='alsa-utils'
PACKAGE_STRING='alsa-utils 1.2.8'
PACKAGE_TARNAME='alsa-utils'
PACKAGE_URL=''
PACKAGE_VERSION='1.2.8'
PATH_SEPARATOR=':'
PKG_CONFIG='/usr/bin/pkg-config'
PKG_CONFIG_LIBDIR=''
PKG_CONFIG_PATH=''
POSUB='po'
RANLIB='mips-linux-gnu-ranlib'
SED='/bin/sed'
SET_MAKE=''
SHELL='/bin/sh'
SND_UTIL_MAJOR='1'
SND_UTIL_MINOR='2'
SND_UTIL_SUBMINOR='8'
SND_UTIL_VERSION='1.2.8'
STRIP='mips-linux-gnu-strip'
SYSTEMD_CFLAGS=''
SYSTEMD_LIBS=''
TESTSOUND='/home/book/work/TOOLS/haohan-audio/alsa-utils-1.2.8/out/share/test.wav'
USE_NLS='yes'
USE_RST2MAN_FALSE=''
USE_RST2MAN_TRUE='#'
USE_XMLTO_FALSE=''
USE_XMLTO_TRUE='#'
VERSION='1.2.8'
XGETTEXT='/usr/bin/xgettext'
XGETTEXT_015='/usr/bin/xgettext'
XGETTEXT_EXTRA_OPTIONS=''
ac_ct_AR=''
ac_ct_CC=''
ac_ct_DUMPBIN=''
am__EXEEXT_FALSE=''
am__EXEEXT_TRUE='#'
am__fastdepCC_FALSE='#'
am__fastdepCC_TRUE=''
am__include='include'
am__isrc=''
am__leading_dot='.'
am__nodep='_no'
am__quote=''
am__tar='$${TAR-tar} chof - "$$tardir"'
am__untar='$${TAR-tar} xf -'
bindir='${exec_prefix}/bin'
build='x86_64-pc-linux-gnu'
build_alias=''
build_cpu='x86_64'
build_os='linux-gnu'
build_vendor='pc'
datadir='${datarootdir}'
datarootdir='${prefix}/share'
docdir='${datarootdir}/doc/${PACKAGE_TARNAME}'
dvidir='${docdir}'
exec_prefix='/home/book/work/TOOLS/haohan-audio/alsa-utils-1.2.8/out'
host='mips-unknown-linux-gnu'
host_alias='mips-linux-gnu'
host_cpu='mips'
host_os='linux-gnu'
host_vendor='unknown'
htmldir='${docdir}'
includedir='${prefix}/include'
infodir='${datarootdir}/info'
install_sh='${SHELL} /home/book/work/TOOLS/haohan-audio/alsa-utils-1.2.8/install-sh'
libdir='${exec_prefix}/lib'
libexecdir='${exec_prefix}/libexec'
localedir='${datarootdir}/locale'
localstatedir='${prefix}/var'
mandir='${datarootdir}/man'
mkdir_p='$(MKDIR_P)'
mydatadir='/home/book/work/TOOLS/haohan-audio/alsa-utils-1.2.8/out/share/alsa'
ncurses5_config=''
ncursesw5_config=''
oldincludedir='/usr/include'
pdfdir='${docdir}'
prefix='/home/book/work/TOOLS/haohan-audio/alsa-utils-1.2.8/out'
program_transform_name='s,x,x,'
psdir='${docdir}'
rst2man_available=''
runstatedir='${localstatedir}/run'
sbindir='${exec_prefix}/sbin'
sharedstatedir='${prefix}/com'
sysconfdir='${prefix}/etc'
systemdsystemunitdir='/lib/systemd/system'
target_alias=''
udevrulesdir='/lib/udev/rules.d'
xmlto_available=''

## ----------- ##
## confdefs.h. ##
## ----------- ##

/* confdefs.h */
#define PACKAGE_NAME "alsa-utils"
#define PACKAGE_TARNAME "alsa-utils"
#define PACKAGE_VERSION "1.2.8"
#define PACKAGE_STRING "alsa-utils 1.2.8"
#define PACKAGE_BUGREPORT ""
#define PACKAGE_URL ""
#define PACKAGE "alsa-utils"
#define VERSION "1.2.8"
#define ENABLE_NLS 1
#define HAVE_GETTEXT 1
#define HAVE_DCGETTEXT 1
#define STDC_HEADERS 1
#define HAVE_SYS_TYPES_H 1
#define HAVE_SYS_STAT_H 1
#define HAVE_STDLIB_H 1
#define HAVE_STRING_H 1
#define HAVE_MEMORY_H 1
#define HAVE_STRINGS_H 1
#define HAVE_INTTYPES_H 1
#define HAVE_STDINT_H 1
#define HAVE_UNISTD_H 1
#define HAVE_DLFCN_H 1
#define LT_OBJDIR ".libs/"
#define HAVE_LIBASOUND 1
#define HAVE_LIBATOPOLOGY 1
#define HAVE_ALSA_PCM_H 1
#define HAVE_ALSA_MIXER_H 1
#define HAVE_ALSA_RAWMIDI_H 1
#define HAVE_ALSA_SEQ_H 1
#define HAVE_ALSA_USE_CASE_H 1
#define HAVE_ALSA_TOPOLOGY_H 1
#define HAVE_SEQ_CLIENT_INFO_GET_CARD 1
#define HAVE_SEQ_CLIENT_INFO_GET_PID 1
#define HAVE_MEMFD_CREATE 1
#define HAVE_LIBM 1
#define HAVE_LIBPTHREAD 1
#define HAVE_LIBRT 1
#define HAVE_CLOCK_GETTIME 1
#define STDC_HEADERS 1
#define SOUNDSDIR "/home/book/work/TOOLS/haohan-audio/alsa-utils-1.2.8/out/share/sounds/alsa"
#define DATADIR "/home/book/work/TOOLS/haohan-audio/alsa-utils-1.2.8/out/share/alsa"
#define TIME_WITH_SYS_TIME 1
#define _FILE_OFFSET_BITS 64
#define VERSION "1.2.8"
#define ALSA_TOPOLOGY_PLUGIN_DIR "/home/book/work/TOOLS/haohan-audio/alsa-utils-1.2.8/out/lib/alsa-topology"

configure: exit 0
